           1
         130
  
  0.1000000000000E-01   0.0000000000000E+00
  0.1122462000000E-01   0.0000000000000E+00
  0.1259921000000E-01   0.0000000000000E+00
  0.1414214000000E-01   0.0000000000000E+00
  0.1587401000000E-01   0.0000000000000E+00
  0.1781797000000E-01   0.0000000000000E+00
  0.2000000000000E-01   0.0000000000000E+00
  0.2244924000000E-01   0.0000000000000E+00
  0.2519842000000E-01   0.0000000000000E+00
  0.2828427000000E-01   0.0000000000000E+00
  0.3174802000000E-01   0.0000000000000E+00
  0.3563595000000E-01   0.0000000000000E+00
  0.4000000000000E-01   0.1639960710680E-89
  0.4489848000000E-01   0.1054304084539E-81
  0.5039684000000E-01   0.1182206017723E-74
  0.5656854000000E-01   0.2343977096392E-68
  0.6349604000000E-01   0.1013937589326E-62
  0.7127190000000E-01   0.1084363770502E-57
  0.8000000000000E-01   0.3281708420646E-53
  0.8979696000000E-01   0.1353955105628E-44
  0.1007937000000E+00   0.4575588025531E-41
  0.1131371000000E+00   0.2188465453697E-38
  0.1269921000000E+00   0.1060447543490E-35
  0.1425438000000E+00   0.2767659869795E-33
  0.1600000000000E+00   0.7351976035686E-32
  0.1795939000000E+00   0.3576923135898E-30
  0.2015874000000E+00   0.1807458785862E-28
  0.2262742000000E+00   0.4544964366236E-27
  0.2539842000000E+00   0.1856508817427E-25
  0.2850876000000E+00   0.3587345431878E-24
  0.3200000000000E+00   0.9589896489547E-23
  0.3508106000000E+00   0.2698355751321E-22
  0.3845878000000E+00   0.7024282325167E-22
  0.4216171000000E+00   0.2451076739714E-21
  0.4622117000000E+00   0.4373093427580E-21
  0.5067150000000E+00   0.6146431559978E-21
  0.5555031000000E+00   0.9450662862214E-21
  0.6089887000000E+00   0.1075322189207E-20
  0.6676241000000E+00   0.1558394984893E-20
  0.7319050000000E+00   0.4114773342349E-20
  0.8023752000000E+00   0.6275864969243E-20
  0.8796304000000E+00   0.8060810826007E-20
  0.9643240000000E+00   0.1035906307539E-19
  0.1057172000000E+01   0.1233044395688E-19
  0.1158960000000E+01   0.1411464803327E-19
  0.1270548000000E+01   0.1605721613748E-19
  0.1392881000000E+01   0.1757025212671E-19
  0.1526992000000E+01   0.2064490933245E-19
  0.1674016000000E+01   0.2440848737390E-19
  0.1835195000000E+01   0.2110106040536E-19
  0.2011893000000E+01   0.1878759252758E-19
  0.2205605000000E+01   0.1799796403750E-19
  0.2417968000000E+01   0.1377486789265E-19
  0.2650777000000E+01   0.1166018410970E-19
  0.2906003000000E+01   0.1095973318644E-19
  0.3185802000000E+01   0.1003086738818E-19
  0.3492541000000E+01   0.9599380122851E-20
  0.3828814000000E+01   0.9279836437566E-20
  0.4197464000000E+01   0.9736492033084E-20
  0.4601609000000E+01   0.6733563967149E-20
  0.5044667000000E+01   0.6624069752515E-20
  0.5530383000000E+01   0.7322032583320E-20
  0.6062866000000E+01   0.7975818387954E-20
  0.6646618000000E+01   0.9048831572086E-20
  0.7286576000000E+01   0.6747192339358E-20
  0.7988151000000E+01   0.7764574119851E-20
  0.8757275000000E+01   0.1053976016311E-19
  0.9600453000000E+01   0.9890756639624E-20
  0.1052482000000E+02   0.1165277665547E-19
  0.1153818000000E+02   0.1183539858145E-19
  0.1264911000000E+02   0.1618424212612E-19
  0.1386701000000E+02   0.1685841150304E-19
  0.1520217000000E+02   0.2085595572848E-19
  0.1666588000000E+02   0.2433722568875E-19
  0.1827052000000E+02   0.3251100459684E-19
  0.2002967000000E+02   0.4460105532952E-19
  0.2195819000000E+02   0.5997923789915E-19
  0.2407239000000E+02   0.7526262328894E-19
  0.2639016000000E+02   0.1083003449029E-18
  0.2893109000000E+02   0.1380470670229E-18
  0.3171666000000E+02   0.1731810922028E-18
  0.3477044000000E+02   0.2170083123289E-18
  0.3811825000000E+02   0.2450852969443E-18
  0.4178840000000E+02   0.3009009557875E-18
  0.4581192000000E+02   0.3475910901791E-18
  0.5022284000000E+02   0.3848109487381E-18
  0.5505845000000E+02   0.4232764982982E-18
  0.6035965000000E+02   0.4868061550750E-18
  0.6617127000000E+02   0.5072941597285E-18
  0.7254245000000E+02   0.5832236845700E-18
  0.7952707000000E+02   0.6071785847675E-18
  0.8718419000000E+02   0.7017286980365E-18
  0.9557856000000E+02   0.7353229723893E-18
  0.1047812000000E+03   0.7931747573698E-18
  0.1148698000000E+03   0.8493296345930E-18
  0.1259299000000E+03   0.9230610932477E-18
  0.1380548000000E+03   0.9559276804452E-18
  0.1513472000000E+03   0.9705124298238E-18
  0.1659193000000E+03   0.9759780422767E-18
  0.1818946000000E+03   0.9786093909357E-18
  0.1994080000000E+03   0.9419479521367E-18
  0.2186076000000E+03   0.9010811458858E-18
  0.2396558000000E+03   0.8661738077857E-18
  0.2627307000000E+03   0.8120611080874E-18
  0.2880272000000E+03   0.7485980636498E-18
  0.3157594000000E+03   0.6770276341222E-18
  0.3461617000000E+03   0.6092958031995E-18
  0.3794912000000E+03   0.5472247731234E-18
  0.4160299000000E+03   0.4728073345808E-18
  0.4560865000000E+03   0.4092968056303E-18
  0.5000000000000E+03   0.3453830329437E-18
  0.5853900000000E+03   0.2577183301187E-18
  0.6853628000000E+03   0.1848523928805E-18
  0.8024090000000E+03   0.1302310819460E-18
  0.9394443000000E+03   0.9342848208728E-19
  0.1099883000000E+04   0.6577078517740E-19
  0.1287720000000E+04   0.4422893770793E-19
  0.1507637000000E+04   0.3077640070084E-19
  0.1765111000000E+04   0.2059755181236E-19
  0.2066557000000E+04   0.1372976270465E-19
  0.2419483000000E+04   0.9204997969309E-20
  0.2832682000000E+04   0.6011225997871E-20
  0.3316448000000E+04   0.3913483804660E-20
  0.3882830000000E+04   0.2533025740271E-20
  0.4545940000000E+04   0.1630077763242E-20
  0.5322295000000E+04   0.1038043727170E-20
  0.6231236000000E+04   0.6545685302829E-21
  0.7295406000000E+04   0.3877239568488E-21
  0.8541315000000E+04   0.2396682805495E-21
  0.1000000000000E+05   0.1427011162531E-21
